<?xml version="1.0" encoding="UTF-8"?>
<!-- Generated by org.testng.reporters.JUnitReportReporter -->
<testsuite hostname="Shreyas" failures="0" tests="2" name="com.app.AppTest" time="0.023" errors="0" timestamp="2023-10-30T18:32:20 IST" skipped="0">
  <testcase classname="com.app.AppTest" name="testlogin1" time="0.023"/>
  <system-out/>
  <testcase classname="com.app.AppTest" name="testlogin2" time="0.000"/>
  <system-out/>
</testsuite> <!-- com.app.AppTest -->
